<?xml version="1.0" encoding="UTF-8"?>
<!-- Generated by org.testng.reporters.JUnitReportReporter -->
<testsuite skipped="0" hostname="MCKINLEY-QA5" name="com.demo.tests.TestLogin" tests="2" failures="0" timestamp="18 Jun 2018 12:51:19 GMT" time="5.777" errors="0">
  <testcase name="test_Home_Page_Appear_Correct" time="4.113" classname="com.demo.tests.TestLogin"/>
  <testcase name="test_Home_Page_Appear_Correct" time="1.664" classname="com.demo.tests.TestLogin"/>
</testsuite> <!-- com.demo.tests.TestLogin -->
